components/Header.tsx(11,26): error TS6133: 'currentPage' is declared but its value is never read.
components/OrganizationsLocations.tsx(2,37): error TS6133: 'Archive' is declared but its value is never read.
components/OrganizationsLocations.tsx(2,89): error TS6133: 'Clock' is declared but its value is never read.
components/OrganizationsLocations.tsx(3,1): error TS6133: 'toast' is declared but its value is never read.
components/OrganizationsLocations.tsx(13,10): error TS6133: 'orgPanelTab' is declared but its value is never read.
components/OrganizationsLocations.tsx(271,9): error TS6133: 'auditHistory' is declared but its value is never read.
components/OrganizationsLocations.tsx(312,9): error TS6133: 'currentOrgLocations' is declared but its value is never read.
components/OrganizationsLocations.tsx(317,9): error TS6133: 'currentOrgUnits' is declared but its value is never read.
components/Participants.tsx(22,27): error TS6133: 'setSelectedStudies' is declared but its value is never read.
components/Participants.tsx(24,10): error TS6133: 'currentStudies' is declared but its value is never read.
components/Participants.tsx(361,20): error TS6133: 'studies' is declared but its value is never read.
components/Participants.tsx(758,42): error TS6133: 'e' is declared but its value is never read.
components/Participants.tsx(777,42): error TS6133: 'e' is declared but its value is never read.
components/PaymentRequestWizard.tsx(2,59): error TS6133: 'Upload' is declared but its value is never read.
components/PaymentRequestWizard.tsx(65,10): error TS6133: 'isDragging' is declared but its value is never read.
components/PaymentRequestWizard.tsx(411,9): error TS6133: 'removeReceipt' is declared but its value is never read.
components/PaymentRequestWizard.tsx(420,9): error TS6133: 'handleDragOver' is declared but its value is never read.
components/PaymentRequestWizard.tsx(425,9): error TS6133: 'handleDragLeave' is declared but its value is never read.
components/PaymentRequestWizard.tsx(430,9): error TS6133: 'handleDrop' is declared but its value is never read.
components/PaymentRequestWizard.tsx(436,9): error TS6133: 'formatFileSize' is declared but its value is never read.
components/Payments.tsx(2,44): error TS6133: 'Check' is declared but its value is never read.
components/Payments.tsx(2,60): error TS6133: 'Archive' is declared but its value is never read.
components/Payments.tsx(2,74): error TS6133: 'Download' is declared but its value is never read.
components/Payments.tsx(2,125): error TS6133: 'Calendar' is declared but its value is never read.
components/Payments.tsx(2,135): error TS6133: 'Info' is declared but its value is never read.
components/Payments.tsx(2,141): error TS6133: 'RotateCcw' is declared but its value is never read.
components/Payments.tsx(2,152): error TS6133: 'Play' is declared but its value is never read.
components/Payments.tsx(5,1): error TS6133: 'PaymentSchedulePanel' is declared but its value is never read.
components/Payments.tsx(14,10): error TS6133: 'showExportModal' is declared but its value is never read.
components/Payments.tsx(14,27): error TS6133: 'setShowExportModal' is declared but its value is never read.
components/Payments.tsx(15,10): error TS6133: 'showSchedulePanel' is declared but its value is never read.
components/Payments.tsx(15,29): error TS6133: 'setShowSchedulePanel' is declared but its value is never read.
components/Payments.tsx(18,10): error TS6133: 'deletingPayment' is declared but its value is never read.
components/Payments.tsx(18,27): error TS6133: 'setDeletingPayment' is declared but its value is never read.
components/Payments.tsx(173,9): error TS6133: 'isEditMode' is declared but its value is never read.
components/Payments.tsx(174,9): error TS6133: 'isViewMode' is declared but its value is never read.
components/Payments.tsx(175,9): error TS6133: 'showPanel' is declared but its value is never read.
components/PaymentSchedulePanel.tsx(1,35): error TS6133: 'Plus' is declared but its value is never read.
components/PaymentSchedulePanel.tsx(54,9): error TS6133: 'addScheduleItem' is declared but its value is never read.
components/PaymentSchedulePanel.tsx(183,25): error TS6133: 'isAdded' is declared but its value is never read.
components/PaymentsPanel.tsx(1,13): error TS6133: 'Download' is declared but its value is never read.
components/PaymentsPanel.tsx(1,47): error TS6133: 'ChevronDown' is declared but its value is never read.
components/PaymentsPanel.tsx(114,10): error TS6133: 'editingAmount' is declared but its value is never read.
components/PaymentsPanel.tsx(114,25): error TS6133: 'setEditingAmount' is declared but its value is never read.
components/PaymentsPanel.tsx(115,10): error TS6133: 'editingDescription' is declared but its value is never read.
components/PaymentsPanel.tsx(115,30): error TS6133: 'setEditingDescription' is declared but its value is never read.
components/ReceiptDropZone.tsx(17,57): error TS6133: 'itemId' is declared but its value is never read.
components/Security.tsx(2,18): error TS6133: 'Plus' is declared but its value is never read.
components/Security.tsx(2,35): error TS6133: 'Trash2' is declared but its value is never read.
components/Security.tsx(2,90): error TS6133: 'UserPlus' is declared but its value is never read.
components/Security.tsx(2,100): error TS6133: 'UserMinus' is declared but its value is never read.
components/Security.tsx(26,25): error TS6133: 'setAssigningUser' is declared but its value is never read.
components/Security.tsx(29,10): error TS6133: 'studySearchTerm' is declared but its value is never read.
components/Security.tsx(29,27): error TS6133: 'setStudySearchTerm' is declared but its value is never read.
components/Security.tsx(31,10): error TS6133: 'showStudyDropdown' is declared but its value is never read.
components/Security.tsx(31,29): error TS6133: 'setShowStudyDropdown' is declared but its value is never read.
components/Sidebar.tsx(1,10): error TS6133: 'LayoutDashboard' is declared but its value is never read.
components/Sidebar.tsx(1,27): error TS6133: 'Users' is declared but its value is never read.
components/Sidebar.tsx(1,34): error TS6133: 'UserCog' is declared but its value is never read.
components/Sidebar.tsx(1,43): error TS6133: 'Calendar' is declared but its value is never read.
components/Sidebar.tsx(1,53): error TS6133: 'Building2' is declared but its value is never read.
components/Sidebar.tsx(1,74): error TS6133: 'ChevronLeft' is declared but its value is never read.
components/Sidebar.tsx(1,87): error TS6133: 'ChevronRight' is declared but its value is never read.
components/Sidebar.tsx(1,162): error TS6133: 'CreditCard' is declared but its value is never read.
components/Sidebar.tsx(1,174): error TS6133: 'Workflow' is declared but its value is never read.
components/Sidebar.tsx(11,65): error TS6133: 'onToggleCollapse' is declared but its value is never read.
components/Studies.tsx(2,125): error TS6133: 'ArrowUpDown' is declared but its value is never read.
components/Studies.tsx(2,138): error TS6133: 'ArrowUp' is declared but its value is never read.
components/Studies.tsx(2,147): error TS6133: 'ArrowDown' is declared but its value is never read.
components/Studies.tsx(29,10): error TS6133: 'enrollmentSearch' is declared but its value is never read.
components/Studies.tsx(29,28): error TS6133: 'setEnrollmentSearch' is declared but its value is never read.
components/Studies.tsx(30,32): error TS6133: 'setSelectedParticipants' is declared but its value is never read.
components/Studies.tsx(34,10): error TS6133: 'participantSearch' is declared but its value is never read.
components/Studies.tsx(39,10): error TS6133: 'scheduleItems' is declared but its value is never read.
components/Studies.tsx(39,25): error TS6133: 'setScheduleItems' is declared but its value is never read.
components/Studies.tsx(41,10): error TS6133: 'expandedVisit' is declared but its value is never read.
components/Studies.tsx(41,25): error TS6133: 'setExpandedVisit' is declared but its value is never read.
components/Studies.tsx(42,10): error TS6133: 'expandedParticipant' is declared but its value is never read.
components/Studies.tsx(42,31): error TS6133: 'setExpandedParticipant' is declared but its value is never read.
components/Studies.tsx(43,10): error TS6133: 'showAddParticipant' is declared but its value is never read.
components/Studies.tsx(43,30): error TS6133: 'setShowAddParticipant' is declared but its value is never read.
components/Studies.tsx(55,10): error TS6133: 'hasParticipantChanges' is declared but its value is never read.
components/Studies.tsx(55,33): error TS6133: 'setHasParticipantChanges' is declared but its value is never read.
components/Studies.tsx(259,9): error TS6133: 'handleSort' is declared but its value is never read.
components/ui/resizable.tsx(12,51): error TS2339: Property 'PanelGroup' does not exist on type 'typeof import("C:/Projects/KUMC/Figma_NextJs_Code/DeployedCode_Git/node_modules/react-resizable-panels/dist/react-resizable-panels")'.
components/ui/resizable.tsx(14,25): error TS2339: Property 'PanelGroup' does not exist on type 'typeof import("C:/Projects/KUMC/Figma_NextJs_Code/DeployedCode_Git/node_modules/react-resizable-panels/dist/react-resizable-panels")'.
components/ui/resizable.tsx(35,51): error TS2339: Property 'PanelResizeHandle' does not exist on type 'typeof import("C:/Projects/KUMC/Figma_NextJs_Code/DeployedCode_Git/node_modules/react-resizable-panels/dist/react-resizable-panels")'.
components/ui/resizable.tsx(39,25): error TS2339: Property 'PanelResizeHandle' does not exist on type 'typeof import("C:/Projects/KUMC/Figma_NextJs_Code/DeployedCode_Git/node_modules/react-resizable-panels/dist/react-resizable-panels")'.
components/ui/resizable.tsx(52,26): error TS2339: Property 'PanelResizeHandle' does not exist on type 'typeof import("C:/Projects/KUMC/Figma_NextJs_Code/DeployedCode_Git/node_modules/react-resizable-panels/dist/react-resizable-panels")'.
components/ui/sonner.tsx(3,26): error TS2307: Cannot find module 'next-themes' or its corresponding type declarations.
versions/v1.0_App.tsx(2,27): error TS2307: Cannot find module './components/Dashboard' or its corresponding type declarations.
versions/v1.0_App.tsx(3,25): error TS2307: Cannot find module './components/Studies' or its corresponding type declarations.
versions/v1.0_App.tsx(4,30): error TS2307: Cannot find module './components/Participants' or its corresponding type declarations.
versions/v1.0_App.tsx(5,24): error TS2307: Cannot find module './components/Visits' or its corresponding type declarations.
versions/v1.0_App.tsx(6,26): error TS2307: Cannot find module './components/Payments' or its corresponding type declarations.
versions/v1.0_App.tsx(7,25): error TS2307: Cannot find module './components/Sidebar' or its corresponding type declarations.
versions/v1.0_App.tsx(8,24): error TS2307: Cannot find module './components/Header' or its corresponding type declarations.
